<?xml version="1.0" encoding="UTF-8"?>
<!-- Generated by org.testng.reporters.JUnitReportReporter -->
<testsuite skipped="0" hostname="XAV-602000241" name="Automation.RestApiFramework.postDetailsApi" tests="1" failures="0" timestamp="2020-10-27T13:54:56 IST" time="2.871" errors="0">
  <testcase name="test2" time="2.871" classname="Automation.RestApiFramework.postDetailsApi"/>
  <system-out/>
</testsuite> <!-- Automation.RestApiFramework.postDetailsApi -->
